0 info it worked if it ends with ok
1 verbose cli [ 'C:\\Program Files\\nodejs\\node.exe',
1 verbose cli   'C:\\Users\\Fire7\\AppData\\Roaming\\npm\\node_modules\\npm\\bin\\npm-cli.js',
1 verbose cli   'start' ]
2 info using npm@4.0.5
3 info using node@v6.11.2
4 verbose run-script [ 'prestart', 'start', 'poststart' ]
5 info lifecycle leitura-blog@0.1.0~prestart: leitura-blog@0.1.0
6 silly lifecycle leitura-blog@0.1.0~prestart: no script for prestart, continuing
7 info lifecycle leitura-blog@0.1.0~start: leitura-blog@0.1.0
8 verbose lifecycle leitura-blog@0.1.0~start: unsafe-perm in lifecycle true
9 verbose lifecycle leitura-blog@0.1.0~start: PATH: C:\Users\Fire7\AppData\Roaming\npm\node_modules\npm\bin\node-gyp-bin;c:\Dev\git\udacity\reactnd-project-readable-my\frontend\leitura\node_modules\.bin;C:\Program Files\cmder\bin;C:\Program Files\cmder\vendor\conemu-maximus5\ConEmu\Scripts;C:\Program Files\cmder\vendor\conemu-maximus5;C:\Program Files\cmder\vendor\conemu-maximus5\ConEmu;C:\ProgramData\Oracle\Java\javapath;C:\Program Files\ImageMagick-7.0.4-Q16;C:\WINDOWS\system32;C:\WINDOWS;C:\WINDOWS\System32\Wbem;C:\WINDOWS\System32\WindowsPowerShell\v1.0\;C:\Program Files (x86)\Intel\OpenCL SDK\3.0\bin\x86;C:\Program Files (x86)\Intel\OpenCL SDK\3.0\bin\x64;C:\Program Files (x86)\Java\jre6\bin;C:\Program Files (x86)\MySQL\MySQL Fabric 1.5 & MySQL Utilities 1.5\;C:\Program Files (x86)\MySQL\MySQL Fabric 1.5 & MySQL Utilities 1.5\Doctrine extensions for PHP\;C:\WINDOWS\system32;C:\WINDOWS;C:\WINDOWS\System32\Wbem;C:\WINDOWS\System32\WindowsPowerShell\v1.0\;C:\Users\Fire7\AppData\Roaming\nvm;C:\Program Files\nodejs;C:\Program Files\Git\cmd;C:\Program Files\MongoDB\Server\3.4\bin;C:\Program Files\nodejs\;C:\Users\Fire7\AppData\Local\Programs\Python\Python36\Scripts\;C:\Users\Fire7\AppData\Local\Programs\Python\Python36\;C:\Users\Fire7\AppData\Local\Microsoft\WindowsApps;C:\Program Files\Heroku\bin;C:\Users\Fire7\AppData\Roaming\npm;C:\Program Files\Microsoft VS Code\bin;C:\Program Files\Git\usr\bin;C:\Program Files\Git\usr\share\vim\vim74;C:\Program Files\cmder\
10 verbose lifecycle leitura-blog@0.1.0~start: CWD: c:\Dev\git\udacity\reactnd-project-readable-my\frontend\leitura
11 silly lifecycle leitura-blog@0.1.0~start: Args: [ '/d /s /c', 'react-scripts start' ]
12 silly lifecycle leitura-blog@0.1.0~start: Returned: code: 3221225786  signal: null
13 info lifecycle leitura-blog@0.1.0~start: Failed to exec start script
14 verbose stack Error: leitura-blog@0.1.0 start: `react-scripts start`
14 verbose stack Exit status 3221225786
14 verbose stack     at EventEmitter.<anonymous> (C:\Users\Fire7\AppData\Roaming\npm\node_modules\npm\lib\utils\lifecycle.js:279:16)
14 verbose stack     at emitTwo (events.js:106:13)
14 verbose stack     at EventEmitter.emit (events.js:191:7)
14 verbose stack     at ChildProcess.<anonymous> (C:\Users\Fire7\AppData\Roaming\npm\node_modules\npm\lib\utils\spawn.js:40:14)
14 verbose stack     at emitTwo (events.js:106:13)
14 verbose stack     at ChildProcess.emit (events.js:191:7)
14 verbose stack     at maybeClose (internal/child_process.js:891:16)
14 verbose stack     at Process.ChildProcess._handle.onexit (internal/child_process.js:226:5)
15 verbose pkgid leitura-blog@0.1.0
16 verbose cwd c:\Dev\git\udacity\reactnd-project-readable-my\frontend\leitura
17 error Windows_NT 10.0.14393
18 error argv "C:\\Program Files\\nodejs\\node.exe" "C:\\Users\\Fire7\\AppData\\Roaming\\npm\\node_modules\\npm\\bin\\npm-cli.js" "start"
19 error node v6.11.2
20 error npm  v4.0.5
21 error code ELIFECYCLE
22 error leitura-blog@0.1.0 start: `react-scripts start`
22 error Exit status 3221225786
23 error Failed at the leitura-blog@0.1.0 start script 'react-scripts start'.
23 error Make sure you have the latest version of node.js and npm installed.
23 error If you do, this is most likely a problem with the leitura-blog package,
23 error not with npm itself.
23 error Tell the author that this fails on your system:
23 error     react-scripts start
23 error You can get information on how to open an issue for this project with:
23 error     npm bugs leitura-blog
23 error Or if that isn't available, you can get their info via:
23 error     npm owner ls leitura-blog
23 error There is likely additional logging output above.
24 verbose exit [ 1, true ]
